2019-08-03 09:41:06,657  * Running on http://0.0.0.0:8000/ (Press CTRL+C to quit)
2019-08-03 09:41:06,729  * Restarting with stat
2019-08-03 09:41:06,930  * Debugger is active!
2019-08-03 09:41:07,105  * Debugger PIN: 317-358-135
2019-08-03 09:43:14,289  * Detected change in '/home/anup/setuTask/app.py', reloading
2019-08-03 09:43:14,319  * Restarting with stat
2019-08-03 09:43:14,680  * Debugger is active!
2019-08-03 09:43:14,681  * Debugger PIN: 317-358-135
2019-08-03 09:43:36,827  * Detected change in '/home/anup/setuTask/app.py', reloading
2019-08-03 09:43:36,870  * Restarting with stat
2019-08-03 09:43:37,298  * Debugger is active!
2019-08-03 09:43:37,298  * Debugger PIN: 317-358-135
2019-08-03 09:43:38,312  * Detected change in '/home/anup/setuTask/app.py', reloading
2019-08-03 09:43:38,340  * Restarting with stat
2019-08-03 09:43:38,674  * Debugger is active!
2019-08-03 09:43:38,674  * Debugger PIN: 317-358-135
2019-08-03 09:43:39,830  * Running on http://0.0.0.0:8000/ (Press CTRL+C to quit)
2019-08-03 09:43:39,831  * Restarting with stat
2019-08-03 09:43:40,073  * Debugger is active!
2019-08-03 09:43:40,073  * Debugger PIN: 317-358-135
2019-08-03 09:44:00,201  * Running on http://0.0.0.0:8000/ (Press CTRL+C to quit)
2019-08-03 09:44:00,202  * Restarting with stat
2019-08-03 09:44:00,492  * Debugger is active!
2019-08-03 09:44:00,502  * Debugger PIN: 317-358-135
2019-08-03 09:44:03,837 127.0.0.1 - - [03/Aug/2019 09:44:03] "GET / HTTP/1.1" 200 -
2019-08-03 09:44:05,119 127.0.0.1 - - [03/Aug/2019 09:44:05] "GET /favicon.ico HTTP/1.1" 404 -
2019-08-03 09:44:31,055 Download request received
2019-08-03 09:44:31,055 Request data : {u'url': u'https://sample-videos.com/img/Sample-jpg-image-2mb.jpg', u'numberOfThreads': 4}
2019-08-03 09:44:31,055 Number of threads : 4
2019-08-03 09:44:31,056 Processing download url
2019-08-03 09:44:31,095 Starting new HTTPS connection (1): sample-videos.com:443
2019-08-03 09:44:34,302 https://sample-videos.com:443 "HEAD /img/Sample-jpg-image-2mb.jpg HTTP/1.1" 200 0
2019-08-03 09:44:34,304 Url : https://sample-videos.com/img/Sample-jpg-image-2mb.jpg
2019-08-03 09:44:34,304 Filename : d_1564805674_Sample-jpg-image-2mb.jpg
2019-08-03 09:44:34,304 Total size : 2101546
2019-08-03 09:44:34,304 Chunk size : 525386
2019-08-03 09:44:34,304 Number of threads : 4
2019-08-03 09:44:34,419 Created empty file of size 2101546 bytes
2019-08-03 09:44:34,425 Download started for chunk 0 to 525386
2019-08-03 09:44:34,425 Stated thread 1
2019-08-03 09:44:34,428 Starting new HTTPS connection (1): sample-videos.com:443
2019-08-03 09:44:34,429 Download started for chunk 525386 to 1050772
2019-08-03 09:44:34,429 Stated thread 2
2019-08-03 09:44:34,431 Download started for chunk 1050772 to 1576158
2019-08-03 09:44:34,432 Stated thread 3
2019-08-03 09:44:34,432 Starting new HTTPS connection (1): sample-videos.com:443
2019-08-03 09:44:34,434 Download started for chunk 1576158 to 2101546
2019-08-03 09:44:34,436 Starting new HTTPS connection (1): sample-videos.com:443
2019-08-03 09:44:34,434 Stated thread 4
2019-08-03 09:44:34,437 127.0.0.1 - - [03/Aug/2019 09:44:34] "POST /download HTTP/1.1" 200 -
2019-08-03 09:44:34,439 Starting new HTTPS connection (1): sample-videos.com:443
2019-08-03 09:44:34,881 https://sample-videos.com:443 "GET /img/Sample-jpg-image-2mb.jpg HTTP/1.1" 206 525387
2019-08-03 09:44:34,912 https://sample-videos.com:443 "GET /img/Sample-jpg-image-2mb.jpg HTTP/1.1" 206 525388
2019-08-03 09:44:35,253 https://sample-videos.com:443 "GET /img/Sample-jpg-image-2mb.jpg HTTP/1.1" 206 525387
2019-08-03 09:44:35,447 https://sample-videos.com:443 "GET /img/Sample-jpg-image-2mb.jpg HTTP/1.1" 206 525387
2019-08-03 09:44:41,573 Download completed for chunk 525386 to 1050772
2019-08-03 09:44:43,345 Download completed for chunk 1050772 to 1576158
2019-08-03 09:44:44,152 Download completed for chunk 1576158 to 2101546
2019-08-03 09:44:46,281 Download completed for chunk 0 to 525386
2019-08-03 09:45:54,623 127.0.0.1 - - [03/Aug/2019 09:45:54] "POST /status/Sample-jpg-image-2mb.jpg HTTP/1.1" 405 -
2019-08-03 09:46:09,611 127.0.0.1 - - [03/Aug/2019 09:46:09] "GET /status/Sample-jpg-image-2mb.jpg HTTP/1.1" 200 -
2019-08-03 09:46:47,764  * Detected change in '/home/anup/setuTask/app.py', reloading
2019-08-03 09:46:47,788  * Restarting with stat
2019-08-03 09:46:48,017  * Debugger is active!
2019-08-03 09:46:48,017  * Debugger PIN: 317-358-135
2019-08-03 09:47:57,894 Download request received
2019-08-03 09:47:57,895 Request data : {u'url': u'https://sample-videos.com/img/Sample-jpg-image-2mb.jpg', u'numberOfThreads': 4}
2019-08-03 09:47:57,895 Number of threads : 4
2019-08-03 09:47:57,895 Processing download url
2019-08-03 09:47:57,898 Starting new HTTPS connection (1): sample-videos.com:443
2019-08-03 09:47:59,717 https://sample-videos.com:443 "HEAD /img/Sample-jpg-image-2mb.jpg HTTP/1.1" 200 0
2019-08-03 09:47:59,721 Url : https://sample-videos.com/img/Sample-jpg-image-2mb.jpg
2019-08-03 09:47:59,721 Filename : d_1564805879_Sample-jpg-image-2mb.jpg
2019-08-03 09:47:59,721 Total size : 2101546
2019-08-03 09:47:59,721 Chunk size : 525386
2019-08-03 09:47:59,721 Number of threads : 4
2019-08-03 09:47:59,722 Created empty file of size 2101546 bytes
2019-08-03 09:47:59,729 Stated thread 1
2019-08-03 09:47:59,729 Download started for chunk 0 to 525386
2019-08-03 09:47:59,730 Stated thread 2
2019-08-03 09:47:59,731 Download started for chunk 525386 to 1050772
2019-08-03 09:47:59,735 Download started for chunk 1050772 to 1576158
2019-08-03 09:47:59,735 Stated thread 3
2019-08-03 09:47:59,735 Starting new HTTPS connection (1): sample-videos.com:443
2019-08-03 09:47:59,741 Starting new HTTPS connection (1): sample-videos.com:443
2019-08-03 09:47:59,744 Starting new HTTPS connection (1): sample-videos.com:443
2019-08-03 09:47:59,746 Stated thread 4
2019-08-03 09:47:59,748 127.0.0.1 - - [03/Aug/2019 09:47:59] "POST /download HTTP/1.1" 200 -
2019-08-03 09:47:59,749 Download started for chunk 1576158 to 2101546
2019-08-03 09:47:59,753 Starting new HTTPS connection (1): sample-videos.com:443
2019-08-03 09:48:02,692 https://sample-videos.com:443 "GET /img/Sample-jpg-image-2mb.jpg HTTP/1.1" 206 525387
2019-08-03 09:48:02,918 https://sample-videos.com:443 "GET /img/Sample-jpg-image-2mb.jpg HTTP/1.1" 206 525387
2019-08-03 09:48:03,336 https://sample-videos.com:443 "GET /img/Sample-jpg-image-2mb.jpg HTTP/1.1" 206 525387
2019-08-03 09:48:03,512 https://sample-videos.com:443 "GET /img/Sample-jpg-image-2mb.jpg HTTP/1.1" 206 525388
2019-08-03 09:48:35,119 Download completed for chunk 0 to 525386
2019-08-03 09:48:36,903 Download completed for chunk 525386 to 1050772
2019-08-03 09:48:38,477 Download completed for chunk 1050772 to 1576158
2019-08-03 09:48:38,920 Download completed for chunk 1576158 to 2101546
2019-08-03 09:48:51,095  * Detected change in '/home/anup/setuTask/app.py', reloading
2019-08-03 09:48:51,124  * Restarting with stat
2019-08-03 09:48:51,516  * Debugger is active!
2019-08-03 09:48:51,518  * Debugger PIN: 317-358-135
2019-08-03 09:48:54,134  * Running on http://0.0.0.0:8000/ (Press CTRL+C to quit)
2019-08-03 09:48:54,135  * Restarting with stat
2019-08-03 09:48:54,337  * Debugger is active!
2019-08-03 09:48:54,338  * Debugger PIN: 317-358-135
2019-08-03 09:49:01,414 Download request received
2019-08-03 09:49:01,415 Request data : {u'url': u'https://sample-videos.com/img/Sample-jpg-image-2mb.jpg', u'numberOfThreads': 4}
2019-08-03 09:49:01,415 Number of threads : 4
2019-08-03 09:49:01,416 Processing download url
2019-08-03 09:49:01,418 Starting new HTTPS connection (1): sample-videos.com:443
2019-08-03 09:49:03,943 https://sample-videos.com:443 "HEAD /img/Sample-jpg-image-2mb.jpg HTTP/1.1" 200 0
2019-08-03 09:49:03,948 Url : https://sample-videos.com/img/Sample-jpg-image-2mb.jpg
2019-08-03 09:49:03,948 Filename : d_1564805943_Sample-jpg-image-2mb.jpg
2019-08-03 09:49:03,949 Total size : 2101546
2019-08-03 09:49:03,949 Chunk size : 525386
2019-08-03 09:49:03,949 Number of threads : 4
2019-08-03 09:49:03,950 Created empty file of size 2101546 bytes
2019-08-03 09:49:03,954 Download started for chunk 0 to 525386
2019-08-03 09:49:03,954 Stated thread 1
2019-08-03 09:49:03,957 Starting new HTTPS connection (1): sample-videos.com:443
2019-08-03 09:49:03,959 Download started for chunk 525386 to 1050772
2019-08-03 09:49:03,960 Stated thread 2
2019-08-03 09:49:03,963 Download started for chunk 1050772 to 1576158
2019-08-03 09:49:03,964 Stated thread 3
2019-08-03 09:49:03,967 Starting new HTTPS connection (1): sample-videos.com:443
2019-08-03 09:49:03,970 Starting new HTTPS connection (1): sample-videos.com:443
2019-08-03 09:49:03,972 Download started for chunk 1576158 to 2101546
2019-08-03 09:49:03,973 Stated thread 4
2019-08-03 09:49:03,978 127.0.0.1 - - [03/Aug/2019 09:49:03] "POST /download HTTP/1.1" 200 -
2019-08-03 09:49:03,979 Starting new HTTPS connection (1): sample-videos.com:443
2019-08-03 09:49:07,742 https://sample-videos.com:443 "GET /img/Sample-jpg-image-2mb.jpg HTTP/1.1" 206 525387
2019-08-03 09:49:08,107 https://sample-videos.com:443 "GET /img/Sample-jpg-image-2mb.jpg HTTP/1.1" 206 525387
2019-08-03 09:49:08,380 https://sample-videos.com:443 "GET /img/Sample-jpg-image-2mb.jpg HTTP/1.1" 206 525387
2019-08-03 09:49:08,722 https://sample-videos.com:443 "GET /img/Sample-jpg-image-2mb.jpg HTTP/1.1" 206 525388
2019-08-03 09:49:25,667 127.0.0.1 - - [03/Aug/2019 09:49:25] "GET /status/d_1564805943_Sample-jpg-image-2mb.jpg HTTP/1.1" 200 -
2019-08-03 09:49:30,990 127.0.0.1 - - [03/Aug/2019 09:49:30] "GET /status/d_1564805943_Sample-jpg-image-2mb.jpg HTTP/1.1" 200 -
2019-08-03 09:49:41,415 Download completed for chunk 0 to 525386
2019-08-03 09:49:42,718 Download completed for chunk 525386 to 1050772
2019-08-03 09:49:44,317 Download completed for chunk 1050772 to 1576158
2019-08-03 09:49:45,085 Download completed for chunk 1576158 to 2101546
2019-08-03 09:49:49,995 127.0.0.1 - - [03/Aug/2019 09:49:49] "GET /status/d_1564805943_Sample-jpg-image-2mb.jpg HTTP/1.1" 200 -
2019-08-03 09:49:58,458 127.0.0.1 - - [03/Aug/2019 09:49:58] "GET /status/d_1564805943_Sample-jpg-image-2mb.jpg HTTP/1.1" 200 -
2019-08-03 09:50:19,491 127.0.0.1 - - [03/Aug/2019 09:50:19] "GET /status/d_1564805943_Sample-jpg-image-2mb.jpg HTTP/1.1" 200 -
