2019-07-30 17:42:12,974  * Running on http://0.0.0.0:8000/ (Press CTRL+C to quit)
2019-07-30 17:42:26,296 Exception on / [GET]
Traceback (most recent call last):
  File "/home/anup/.local/lib/python2.7/site-packages/flask/app.py", line 2446, in wsgi_app
    response = self.full_dispatch_request()
  File "/home/anup/.local/lib/python2.7/site-packages/flask/app.py", line 1951, in full_dispatch_request
    rv = self.handle_user_exception(e)
  File "/home/anup/.local/lib/python2.7/site-packages/flask/app.py", line 1820, in handle_user_exception
    reraise(exc_type, exc_value, tb)
  File "/home/anup/.local/lib/python2.7/site-packages/flask/app.py", line 1949, in full_dispatch_request
    rv = self.dispatch_request()
  File "/home/anup/.local/lib/python2.7/site-packages/flask/app.py", line 1935, in dispatch_request
    return self.view_functions[rule.endpoint](**req.view_args)
  File "app.py", line 134, in home
    x+=1
UnboundLocalError: local variable 'x' referenced before assignment
2019-07-30 17:42:26,324 127.0.0.1 - - [30/Jul/2019 17:42:26] "GET / HTTP/1.1" 500 -
2019-07-30 17:42:27,033 127.0.0.1 - - [30/Jul/2019 17:42:27] "GET /favicon.ico HTTP/1.1" 404 -
2019-07-30 17:42:45,737 Exception on / [GET]
Traceback (most recent call last):
  File "/home/anup/.local/lib/python2.7/site-packages/flask/app.py", line 2446, in wsgi_app
    response = self.full_dispatch_request()
  File "/home/anup/.local/lib/python2.7/site-packages/flask/app.py", line 1951, in full_dispatch_request
    rv = self.handle_user_exception(e)
  File "/home/anup/.local/lib/python2.7/site-packages/flask/app.py", line 1820, in handle_user_exception
    reraise(exc_type, exc_value, tb)
  File "/home/anup/.local/lib/python2.7/site-packages/flask/app.py", line 1949, in full_dispatch_request
    rv = self.dispatch_request()
  File "/home/anup/.local/lib/python2.7/site-packages/flask/app.py", line 1935, in dispatch_request
    return self.view_functions[rule.endpoint](**req.view_args)
  File "app.py", line 134, in home
    x += 1
UnboundLocalError: local variable 'x' referenced before assignment
2019-07-30 17:42:45,739 127.0.0.1 - - [30/Jul/2019 17:42:45] "GET / HTTP/1.1" 500 -
2019-07-30 17:42:48,695  * Running on http://0.0.0.0:8000/ (Press CTRL+C to quit)
2019-07-30 17:42:51,250 Exception on / [GET]
Traceback (most recent call last):
  File "/home/anup/.local/lib/python2.7/site-packages/flask/app.py", line 2446, in wsgi_app
    response = self.full_dispatch_request()
  File "/home/anup/.local/lib/python2.7/site-packages/flask/app.py", line 1951, in full_dispatch_request
    rv = self.handle_user_exception(e)
  File "/home/anup/.local/lib/python2.7/site-packages/flask/app.py", line 1820, in handle_user_exception
    reraise(exc_type, exc_value, tb)
  File "/home/anup/.local/lib/python2.7/site-packages/flask/app.py", line 1949, in full_dispatch_request
    rv = self.dispatch_request()
  File "/home/anup/.local/lib/python2.7/site-packages/flask/app.py", line 1935, in dispatch_request
    return self.view_functions[rule.endpoint](**req.view_args)
  File "app.py", line 134, in home
    x += 1
UnboundLocalError: local variable 'x' referenced before assignment
2019-07-30 17:42:51,254 127.0.0.1 - - [30/Jul/2019 17:42:51] "GET / HTTP/1.1" 500 -
2019-07-30 17:42:56,586 127.0.0.1 - - [30/Jul/2019 17:42:56] "GET /download HTTP/1.1" 405 -
2019-07-30 17:43:15,909  * Running on http://0.0.0.0:8000/ (Press CTRL+C to quit)
2019-07-30 17:43:17,264 127.0.0.1 - - [30/Jul/2019 17:43:17] "GET / HTTP/1.1" 200 -
2019-07-30 17:43:42,644  * Running on http://0.0.0.0:8000/ (Press CTRL+C to quit)
2019-07-30 17:43:45,036 Exception on / [GET]
Traceback (most recent call last):
  File "/home/anup/.local/lib/python2.7/site-packages/flask/app.py", line 2446, in wsgi_app
    response = self.full_dispatch_request()
  File "/home/anup/.local/lib/python2.7/site-packages/flask/app.py", line 1951, in full_dispatch_request
    rv = self.handle_user_exception(e)
  File "/home/anup/.local/lib/python2.7/site-packages/flask/app.py", line 1820, in handle_user_exception
    reraise(exc_type, exc_value, tb)
  File "/home/anup/.local/lib/python2.7/site-packages/flask/app.py", line 1949, in full_dispatch_request
    rv = self.dispatch_request()
  File "/home/anup/.local/lib/python2.7/site-packages/flask/app.py", line 1935, in dispatch_request
    return self.view_functions[rule.endpoint](**req.view_args)
  File "app.py", line 134, in home
    x = x + 1
UnboundLocalError: local variable 'x' referenced before assignment
2019-07-30 17:43:45,038 127.0.0.1 - - [30/Jul/2019 17:43:45] "GET / HTTP/1.1" 500 -
2019-07-30 17:43:46,320 Exception on / [GET]
Traceback (most recent call last):
  File "/home/anup/.local/lib/python2.7/site-packages/flask/app.py", line 2446, in wsgi_app
    response = self.full_dispatch_request()
  File "/home/anup/.local/lib/python2.7/site-packages/flask/app.py", line 1951, in full_dispatch_request
    rv = self.handle_user_exception(e)
  File "/home/anup/.local/lib/python2.7/site-packages/flask/app.py", line 1820, in handle_user_exception
    reraise(exc_type, exc_value, tb)
  File "/home/anup/.local/lib/python2.7/site-packages/flask/app.py", line 1949, in full_dispatch_request
    rv = self.dispatch_request()
  File "/home/anup/.local/lib/python2.7/site-packages/flask/app.py", line 1935, in dispatch_request
    return self.view_functions[rule.endpoint](**req.view_args)
  File "app.py", line 134, in home
    x = x + 1
UnboundLocalError: local variable 'x' referenced before assignment
2019-07-30 17:43:46,321 127.0.0.1 - - [30/Jul/2019 17:43:46] "GET / HTTP/1.1" 500 -
2019-07-30 17:45:18,242  * Running on http://0.0.0.0:8000/ (Press CTRL+C to quit)
2019-07-30 17:45:18,247  * Restarting with stat
2019-07-30 17:45:18,485  * Debugger is active!
2019-07-30 17:45:18,587  * Debugger PIN: 317-358-135
2019-07-30 17:45:23,437 127.0.0.1 - - [30/Jul/2019 17:45:23] "GET / HTTP/1.1" 500 -
2019-07-30 17:45:23,635 127.0.0.1 - - [30/Jul/2019 17:45:23] "GET /?__debugger__=yes&cmd=resource&f=jquery.js HTTP/1.1" 200 -
2019-07-30 17:45:23,636 127.0.0.1 - - [30/Jul/2019 17:45:23] "GET /?__debugger__=yes&cmd=resource&f=debugger.js HTTP/1.1" 200 -
2019-07-30 17:45:23,638 127.0.0.1 - - [30/Jul/2019 17:45:23] "GET /?__debugger__=yes&cmd=resource&f=style.css HTTP/1.1" 200 -
2019-07-30 17:45:24,341 127.0.0.1 - - [30/Jul/2019 17:45:24] "GET /?__debugger__=yes&cmd=resource&f=console.png HTTP/1.1" 200 -
2019-07-30 17:45:24,365 127.0.0.1 - - [30/Jul/2019 17:45:24] "GET /?__debugger__=yes&cmd=resource&f=console.png HTTP/1.1" 200 -
2019-07-30 17:46:01,010  * Detected change in '/home/anup/setuTask/app.py', reloading
2019-07-30 17:46:01,035  * Restarting with stat
2019-07-30 17:46:01,289  * Debugger is active!
2019-07-30 17:46:01,289  * Debugger PIN: 317-358-135
2019-07-30 17:46:02,302  * Detected change in '/home/anup/setuTask/app.py', reloading
2019-07-30 17:46:02,322  * Restarting with stat
2019-07-30 17:46:04,744  * Running on http://0.0.0.0:8000/ (Press CTRL+C to quit)
2019-07-30 17:46:04,745  * Restarting with stat
2019-07-30 17:46:04,978  * Debugger is active!
2019-07-30 17:46:04,979  * Debugger PIN: 317-358-135
2019-07-30 17:46:07,167 127.0.0.1 - - [30/Jul/2019 17:46:07] "GET / HTTP/1.1" 200 -
2019-07-30 17:46:09,364 127.0.0.1 - - [30/Jul/2019 17:46:09] "GET / HTTP/1.1" 200 -
2019-07-30 17:46:10,408 127.0.0.1 - - [30/Jul/2019 17:46:10] "GET / HTTP/1.1" 200 -
2019-07-30 17:55:53,182 127.0.0.1 - - [30/Jul/2019 17:55:53] "GET / HTTP/1.1" 200 -
2019-07-30 18:07:48,216  * Detected change in '/home/anup/setuTask/app.py', reloading
2019-07-30 18:07:48,240  * Restarting with stat
2019-07-30 18:07:48,512  * Debugger is active!
2019-07-30 18:07:48,512  * Debugger PIN: 317-358-135
2019-07-30 22:57:25,193  * Running on http://0.0.0.0:8000/ (Press CTRL+C to quit)
2019-07-30 22:57:25,220  * Restarting with stat
2019-07-30 22:57:25,410  * Debugger is active!
2019-07-30 22:57:25,411  * Debugger PIN: 317-358-135
2019-07-30 23:00:54,537  * Detected change in '/home/anup/setuTask/app.py', reloading
2019-07-30 23:00:54,564  * Restarting with stat
2019-07-30 23:00:54,924  * Debugger is active!
2019-07-30 23:00:54,925  * Debugger PIN: 317-358-135
2019-07-30 23:06:55,596  * Detected change in '/home/anup/setuTask/app.py', reloading
2019-07-30 23:06:55,626  * Restarting with stat
2019-07-30 23:06:56,024  * Debugger is active!
2019-07-30 23:06:56,026  * Debugger PIN: 317-358-135
2019-07-30 23:07:01,861  * Running on http://0.0.0.0:8000/ (Press CTRL+C to quit)
2019-07-30 23:07:01,862  * Restarting with stat
2019-07-30 23:07:02,058  * Debugger is active!
2019-07-30 23:07:02,059  * Debugger PIN: 317-358-135
2019-07-30 23:09:29,539 Download request received
2019-07-30 23:09:29,540 Request data : {u'url': u'https://sample-videos.com/img/Sample-jpg-image-2mb.jpg', u'numberOfThreads': 4}
2019-07-30 23:09:29,540 Number of threads : 4
2019-07-30 23:09:29,540 Processing download url
2019-07-30 23:09:29,606 Starting new HTTPS connection (1): sample-videos.com:443
2019-07-30 23:09:31,667 https://sample-videos.com:443 "HEAD /img/Sample-jpg-image-2mb.jpg HTTP/1.1" 200 0
2019-07-30 23:09:31,671 Url : https://sample-videos.com/img/Sample-jpg-image-2mb.jpg
2019-07-30 23:09:31,671 Filename : d_1564508371_Sample-jpg-image-2mb.jpg
2019-07-30 23:09:31,672 Total size : 2101546
2019-07-30 23:09:31,672 Chunk size : 525386
2019-07-30 23:09:31,672 Number of threads : 4
2019-07-30 23:09:31,736 Created empty file of size 2101546 bytes
2019-07-30 23:09:31,741 Download started for chunk 0 to 525386
2019-07-30 23:09:31,741 Stated thread 1
2019-07-30 23:09:31,742 Download started for chunk 525386 to 1050772
2019-07-30 23:09:31,742 Stated thread 2
2019-07-30 23:09:31,746 Download started for chunk 1050772 to 1576158
2019-07-30 23:09:31,748 Stated thread 3
2019-07-30 23:09:31,749 Starting new HTTPS connection (1): sample-videos.com:443
2019-07-30 23:09:31,749 Starting new HTTPS connection (1): sample-videos.com:443
2019-07-30 23:09:31,749 Download started for chunk 1576158 to 2101546
2019-07-30 23:09:31,750 Stated thread 4
2019-07-30 23:09:31,752 Starting new HTTPS connection (1): sample-videos.com:443
2019-07-30 23:09:31,753 Starting new HTTPS connection (1): sample-videos.com:443
2019-07-30 23:09:31,754 127.0.0.1 - - [30/Jul/2019 23:09:31] "POST /download HTTP/1.1" 200 -
2019-07-30 23:09:33,189 https://sample-videos.com:443 "GET /img/Sample-jpg-image-2mb.jpg HTTP/1.1" 206 525387
2019-07-30 23:09:33,379 https://sample-videos.com:443 "GET /img/Sample-jpg-image-2mb.jpg HTTP/1.1" 206 525387
2019-07-30 23:09:33,527 https://sample-videos.com:443 "GET /img/Sample-jpg-image-2mb.jpg HTTP/1.1" 206 525387
2019-07-30 23:09:33,639 https://sample-videos.com:443 "GET /img/Sample-jpg-image-2mb.jpg HTTP/1.1" 206 525388
2019-07-30 23:09:47,709 Download completed for chunk 0 to 525386
2019-07-30 23:09:47,834 Download completed for chunk 1050772 to 1576158
2019-07-30 23:09:47,866 Download completed for chunk 525386 to 1050772
2019-07-30 23:09:48,517 Download completed for chunk 1576158 to 2101546
2019-07-30 23:10:20,986  * Detected change in '/home/anup/setuTask/app.py', reloading
2019-07-30 23:10:21,017  * Restarting with stat
2019-07-30 23:10:21,401  * Debugger is active!
2019-07-30 23:10:21,402  * Debugger PIN: 317-358-135
2019-07-30 23:10:27,934  * Running on http://0.0.0.0:8000/ (Press CTRL+C to quit)
2019-07-30 23:10:27,935  * Restarting with stat
2019-07-30 23:10:28,153  * Debugger is active!
2019-07-30 23:10:28,154  * Debugger PIN: 317-358-135
2019-07-30 23:10:39,518 Download request received
2019-07-30 23:10:39,518 Request data : {u'url': u'https://sample-videos.com/img/Sample-jpg-image-2mb.jpg', u'numberOfThreads': 4}
2019-07-30 23:10:39,518 Number of threads : 4
2019-07-30 23:10:39,518 Processing download url
2019-07-30 23:10:39,522 Starting new HTTPS connection (1): sample-videos.com:443
2019-07-30 23:10:40,114 https://sample-videos.com:443 "HEAD /img/Sample-jpg-image-2mb.jpg HTTP/1.1" 200 0
2019-07-30 23:10:40,119 Url : https://sample-videos.com/img/Sample-jpg-image-2mb.jpg
2019-07-30 23:10:40,119 Filename : d_1564508440_Sample-jpg-image-2mb.jpg
2019-07-30 23:10:40,119 Total size : 2101546
2019-07-30 23:10:40,120 Chunk size : 525386
2019-07-30 23:10:40,120 Number of threads : 4
2019-07-30 23:10:40,121 Created empty file of size 2101546 bytes
2019-07-30 23:10:40,126 Download started for chunk 0 to 525386
2019-07-30 23:10:40,126 Stated thread 1
2019-07-30 23:10:40,127 Download started for chunk 525386 to 1050772
2019-07-30 23:10:40,128 Stated thread 2
2019-07-30 23:10:40,131 Download started for chunk 1050772 to 1576158
2019-07-30 23:10:40,131 Stated thread 3
2019-07-30 23:10:40,133 Starting new HTTPS connection (1): sample-videos.com:443
2019-07-30 23:10:40,133 Starting new HTTPS connection (1): sample-videos.com:443
2019-07-30 23:10:40,137 Download started for chunk 1576158 to 2101546
2019-07-30 23:10:40,139 Stated thread 4
2019-07-30 23:10:40,142 127.0.0.1 - - [30/Jul/2019 23:10:40] "POST /download HTTP/1.1" 200 -
2019-07-30 23:10:40,146 Starting new HTTPS connection (1): sample-videos.com:443
2019-07-30 23:10:40,147 Starting new HTTPS connection (1): sample-videos.com:443
2019-07-30 23:10:40,585 https://sample-videos.com:443 "GET /img/Sample-jpg-image-2mb.jpg HTTP/1.1" 206 525387
2019-07-30 23:10:40,598 https://sample-videos.com:443 "GET /img/Sample-jpg-image-2mb.jpg HTTP/1.1" 206 525387
2019-07-30 23:10:40,751 https://sample-videos.com:443 "GET /img/Sample-jpg-image-2mb.jpg HTTP/1.1" 206 525387
2019-07-30 23:10:40,859 https://sample-videos.com:443 "GET /img/Sample-jpg-image-2mb.jpg HTTP/1.1" 206 525388
2019-07-30 23:10:47,531 Download completed for chunk 525386 to 1050772
2019-07-30 23:10:47,777 Download completed for chunk 0 to 525386
2019-07-30 23:10:47,784 Download completed for chunk 1050772 to 1576158
2019-07-30 23:10:47,862 Download completed for chunk 1576158 to 2101546
